2022-11-09 17:30:38.344  INFO 35072 --- [           main] com.example.demo.DemoApplication         : Starting DemoApplication on T480- with PID 35072 (D:\ideaworkspace\niu-master\test\niu\demo\demo\target\classes started by admin in D:\ideaworkspace\niu-master\test\niu\demo\demo)
2022-11-09 17:30:38.356  INFO 35072 --- [           main] com.example.demo.DemoApplication         : No active profile set, falling back to default profiles: default
2022-11-09 17:30:40.379  INFO 35072 --- [           main] .s.d.r.c.RepositoryConfigurationDelegate : Multiple Spring Data modules found, entering strict repository configuration mode!
2022-11-09 17:30:40.383  INFO 35072 --- [           main] .s.d.r.c.RepositoryConfigurationDelegate : Bootstrapping Spring Data repositories in DEFAULT mode.
2022-11-09 17:30:40.459  INFO 35072 --- [           main] .s.d.r.c.RepositoryConfigurationDelegate : Finished Spring Data repository scanning in 31ms. Found 0 repository interfaces.
2022-11-09 17:30:40.955  INFO 35072 --- [           main] trationDelegate$BeanPostProcessorChecker : Bean 'org.springframework.kafka.annotation.KafkaBootstrapConfiguration' of type [org.springframework.kafka.annotation.KafkaBootstrapConfiguration$$EnhancerBySpringCGLIB$$cc216299] is not eligible for getting processed by all BeanPostProcessors (for example: not eligible for auto-proxying)
2022-11-09 17:30:41.051  INFO 35072 --- [           main] trationDelegate$BeanPostProcessorChecker : Bean 'org.springframework.transaction.annotation.ProxyTransactionManagementConfiguration' of type [org.springframework.transaction.annotation.ProxyTransactionManagementConfiguration$$EnhancerBySpringCGLIB$$f86f5116] is not eligible for getting processed by all BeanPostProcessors (for example: not eligible for auto-proxying)
2022-11-09 17:30:42.092  INFO 35072 --- [           main] o.s.b.w.embedded.tomcat.TomcatWebServer  : Tomcat initialized with port(s): 8082 (http)
2022-11-09 17:30:42.125  INFO 35072 --- [           main] o.apache.catalina.core.StandardService   : Starting service [Tomcat]
2022-11-09 17:30:42.125  INFO 35072 --- [           main] org.apache.catalina.core.StandardEngine  : Starting Servlet engine: [Apache Tomcat/9.0.22]
2022-11-09 17:30:42.280  INFO 35072 --- [           main] o.a.c.c.C.[Tomcat].[localhost].[/]       : Initializing Spring embedded WebApplicationContext
2022-11-09 17:30:42.280  INFO 35072 --- [           main] o.s.web.context.ContextLoader            : Root WebApplicationContext: initialization completed in 3839 ms
2022-11-09 17:30:44.595  INFO 35072 --- [           main] o.s.s.concurrent.ThreadPoolTaskExecutor  : Initializing ExecutorService 'applicationTaskExecutor'
2022-11-09 17:30:44.717  INFO 35072 --- [           main] o.s.b.a.w.s.WelcomePageHandlerMapping    : Adding welcome page template: index
2022-11-09 17:30:45.713  INFO 35072 --- [           main] o.s.b.a.e.web.EndpointLinksResolver      : Exposing 2 endpoint(s) beneath base path '/actuator'
2022-11-09 17:30:45.896  INFO 35072 --- [           main] o.s.b.w.embedded.tomcat.TomcatWebServer  : Tomcat started on port(s): 8082 (http) with context path ''
2022-11-09 17:30:45.899  INFO 35072 --- [           main] com.example.demo.DemoApplication         : Started DemoApplication in 8.275 seconds (JVM running for 8.895)
[2m2022-11-09 17:35:50.761[0;39m [32m INFO[0;39m [35m31960[0;39m [2m---[0;39m [2m[           main][0;39m [36mcom.example.demo.DemoApplication        [0;39m [2m:[0;39m Starting DemoApplication on T480- with PID 31960 (D:\ideaworkspace\niu-master\test\niu\demo\demo\target\classes started by admin in D:\ideaworkspace\niu-master\test\niu\demo\demo)
[2m2022-11-09 17:35:50.764[0;39m [32m INFO[0;39m [35m31960[0;39m [2m---[0;39m [2m[           main][0;39m [36mcom.example.demo.DemoApplication        [0;39m [2m:[0;39m No active profile set, falling back to default profiles: default
[2m2022-11-09 17:35:51.872[0;39m [32m INFO[0;39m [35m31960[0;39m [2m---[0;39m [2m[           main][0;39m [36m.s.d.r.c.RepositoryConfigurationDelegate[0;39m [2m:[0;39m Multiple Spring Data modules found, entering strict repository configuration mode!
[2m2022-11-09 17:35:51.875[0;39m [32m INFO[0;39m [35m31960[0;39m [2m---[0;39m [2m[           main][0;39m [36m.s.d.r.c.RepositoryConfigurationDelegate[0;39m [2m:[0;39m Bootstrapping Spring Data repositories in DEFAULT mode.
[2m2022-11-09 17:35:51.919[0;39m [32m INFO[0;39m [35m31960[0;39m [2m---[0;39m [2m[           main][0;39m [36m.s.d.r.c.RepositoryConfigurationDelegate[0;39m [2m:[0;39m Finished Spring Data repository scanning in 30ms. Found 0 repository interfaces.
[2m2022-11-09 17:35:52.452[0;39m [32m INFO[0;39m [35m31960[0;39m [2m---[0;39m [2m[           main][0;39m [36mtrationDelegate$BeanPostProcessorChecker[0;39m [2m:[0;39m Bean 'org.springframework.kafka.annotation.KafkaBootstrapConfiguration' of type [org.springframework.kafka.annotation.KafkaBootstrapConfiguration$$EnhancerBySpringCGLIB$$3479a87f] is not eligible for getting processed by all BeanPostProcessors (for example: not eligible for auto-proxying)
[2m2022-11-09 17:35:52.532[0;39m [32m INFO[0;39m [35m31960[0;39m [2m---[0;39m [2m[           main][0;39m [36mtrationDelegate$BeanPostProcessorChecker[0;39m [2m:[0;39m Bean 'org.springframework.transaction.annotation.ProxyTransactionManagementConfiguration' of type [org.springframework.transaction.annotation.ProxyTransactionManagementConfiguration$$EnhancerBySpringCGLIB$$60c796fc] is not eligible for getting processed by all BeanPostProcessors (for example: not eligible for auto-proxying)
[2m2022-11-09 17:35:52.999[0;39m [32m INFO[0;39m [35m31960[0;39m [2m---[0;39m [2m[           main][0;39m [36mo.s.b.w.embedded.tomcat.TomcatWebServer [0;39m [2m:[0;39m Tomcat initialized with port(s): 8082 (http)
[2m2022-11-09 17:35:53.017[0;39m [32m INFO[0;39m [35m31960[0;39m [2m---[0;39m [2m[           main][0;39m [36mo.apache.catalina.core.StandardService  [0;39m [2m:[0;39m Starting service [Tomcat]
[2m2022-11-09 17:35:53.017[0;39m [32m INFO[0;39m [35m31960[0;39m [2m---[0;39m [2m[           main][0;39m [36morg.apache.catalina.core.StandardEngine [0;39m [2m:[0;39m Starting Servlet engine: [Apache Tomcat/9.0.22]
[2m2022-11-09 17:35:53.124[0;39m [32m INFO[0;39m [35m31960[0;39m [2m---[0;39m [2m[           main][0;39m [36mo.a.c.c.C.[Tomcat].[localhost].[/]      [0;39m [2m:[0;39m Initializing Spring embedded WebApplicationContext
[2m2022-11-09 17:35:53.124[0;39m [32m INFO[0;39m [35m31960[0;39m [2m---[0;39m [2m[           main][0;39m [36mo.s.web.context.ContextLoader           [0;39m [2m:[0;39m Root WebApplicationContext: initialization completed in 2305 ms
[2m2022-11-09 17:35:54.267[0;39m [32m INFO[0;39m [35m31960[0;39m [2m---[0;39m [2m[           main][0;39m [36mo.s.s.concurrent.ThreadPoolTaskExecutor [0;39m [2m:[0;39m Initializing ExecutorService 'applicationTaskExecutor'
[2m2022-11-09 17:35:54.337[0;39m [32m INFO[0;39m [35m31960[0;39m [2m---[0;39m [2m[           main][0;39m [36mo.s.b.a.w.s.WelcomePageHandlerMapping   [0;39m [2m:[0;39m Adding welcome page template: index
[2m2022-11-09 17:35:54.983[0;39m [32m INFO[0;39m [35m31960[0;39m [2m---[0;39m [2m[           main][0;39m [36mo.s.b.a.e.web.EndpointLinksResolver     [0;39m [2m:[0;39m Exposing 2 endpoint(s) beneath base path '/actuator'
[2m2022-11-09 17:35:55.090[0;39m [31mERROR[0;39m [35m31960[0;39m [2m---[0;39m [2m[           main][0;39m [36morg.apache.catalina.util.LifecycleBase  [0;39m [2m:[0;39m Failed to start component [Connector[HTTP/1.1-8082]]

org.apache.catalina.LifecycleException: Protocol handler start failed
	at org.apache.catalina.connector.Connector.startInternal(Connector.java:1008)
	at org.apache.catalina.util.LifecycleBase.start(LifecycleBase.java:183)
	at org.apache.catalina.core.StandardService.addConnector(StandardService.java:227)
	at org.springframework.boot.web.embedded.tomcat.TomcatWebServer.addPreviouslyRemovedConnectors(TomcatWebServer.java:263)
	at org.springframework.boot.web.embedded.tomcat.TomcatWebServer.start(TomcatWebServer.java:195)
	at org.springframework.boot.web.servlet.context.ServletWebServerApplicationContext.startWebServer(ServletWebServerApplicationContext.java:297)
	at org.springframework.boot.web.servlet.context.ServletWebServerApplicationContext.finishRefresh(ServletWebServerApplicationContext.java:163)
	at org.springframework.context.support.AbstractApplicationContext.refresh(AbstractApplicationContext.java:552)
	at org.springframework.boot.web.servlet.context.ServletWebServerApplicationContext.refresh(ServletWebServerApplicationContext.java:141)
	at org.springframework.boot.SpringApplication.refresh(SpringApplication.java:743)
	at org.springframework.boot.SpringApplication.refreshContext(SpringApplication.java:390)
	at org.springframework.boot.SpringApplication.run(SpringApplication.java:312)
	at org.springframework.boot.SpringApplication.run(SpringApplication.java:1214)
	at org.springframework.boot.SpringApplication.run(SpringApplication.java:1203)
	at com.example.demo.DemoApplication.main(DemoApplication.java:16)
Caused by: java.net.BindException: Address already in use: bind
	at sun.nio.ch.Net.bind0(Native Method)
	at sun.nio.ch.Net.bind(Net.java:438)
	at sun.nio.ch.Net.bind(Net.java:430)
	at sun.nio.ch.ServerSocketChannelImpl.bind(ServerSocketChannelImpl.java:225)
	at sun.nio.ch.ServerSocketAdaptor.bind(ServerSocketAdaptor.java:74)
	at org.apache.tomcat.util.net.NioEndpoint.initServerSocket(NioEndpoint.java:230)
	at org.apache.tomcat.util.net.NioEndpoint.bind(NioEndpoint.java:213)
	at org.apache.tomcat.util.net.AbstractEndpoint.bindWithCleanup(AbstractEndpoint.java:1124)
	at org.apache.tomcat.util.net.AbstractEndpoint.start(AbstractEndpoint.java:1210)
	at org.apache.coyote.AbstractProtocol.start(AbstractProtocol.java:585)
	at org.apache.catalina.connector.Connector.startInternal(Connector.java:1005)
	... 14 common frames omitted

[2m2022-11-09 17:35:55.101[0;39m [32m INFO[0;39m [35m31960[0;39m [2m---[0;39m [2m[           main][0;39m [36mo.apache.catalina.core.StandardService  [0;39m [2m:[0;39m Stopping service [Tomcat]
[2m2022-11-09 17:35:55.104[0;39m [33m WARN[0;39m [35m31960[0;39m [2m---[0;39m [2m[           main][0;39m [36mo.a.c.loader.WebappClassLoaderBase      [0;39m [2m:[0;39m The web application [ROOT] appears to have started a thread named [lettuce-eventExecutorLoop-1-1] but has failed to stop it. This is very likely to create a memory leak. Stack trace of thread:
 sun.misc.Unsafe.park(Native Method)
 java.util.concurrent.locks.LockSupport.parkNanos(LockSupport.java:215)
 java.util.concurrent.locks.AbstractQueuedSynchronizer$ConditionObject.awaitNanos(AbstractQueuedSynchronizer.java:2078)
 java.util.concurrent.LinkedBlockingQueue.poll(LinkedBlockingQueue.java:467)
 io.netty.util.concurrent.SingleThreadEventExecutor.takeTask(SingleThreadEventExecutor.java:263)
 io.netty.util.concurrent.DefaultEventExecutor.run(DefaultEventExecutor.java:64)
 io.netty.util.concurrent.SingleThreadEventExecutor$5.run(SingleThreadEventExecutor.java:918)
 io.netty.util.internal.ThreadExecutorMap$2.run(ThreadExecutorMap.java:74)
 io.netty.util.concurrent.FastThreadLocalRunnable.run(FastThreadLocalRunnable.java:30)
 java.lang.Thread.run(Thread.java:748)
[2m2022-11-09 17:35:55.109[0;39m [32m INFO[0;39m [35m31960[0;39m [2m---[0;39m [2m[           main][0;39m [36mConditionEvaluationReportLoggingListener[0;39m [2m:[0;39m 

Error starting ApplicationContext. To display the conditions report re-run your application with 'debug' enabled.
[2m2022-11-09 17:35:55.113[0;39m [31mERROR[0;39m [35m31960[0;39m [2m---[0;39m [2m[           main][0;39m [36mo.s.b.d.LoggingFailureAnalysisReporter  [0;39m [2m:[0;39m 

***************************
APPLICATION FAILED TO START
***************************

Description:

The Tomcat connector configured to listen on port 8082 failed to start. The port may already be in use or the connector may be misconfigured.

Action:

Verify the connector's configuration, identify and stop any process that's listening on port 8082, or configure this application to listen on another port.

[2m2022-11-09 17:35:55.120[0;39m [32m INFO[0;39m [35m31960[0;39m [2m---[0;39m [2m[           main][0;39m [36mo.s.s.concurrent.ThreadPoolTaskExecutor [0;39m [2m:[0;39m Shutting down ExecutorService 'applicationTaskExecutor'
